# JRE version: OpenJDK Runtime Environment (8.0_462-b08) (build 1.8.0_462-b08)
# Java VM: OpenJDK 64-Bit Server VM (25.462-b08 mixed mode bsd-amd64 compressed oops)
Heap:
 PSYoungGen      total 411648K, used 14330K [0x0000000795580000, 0x00000007b1380000, 0x00000007c0000000)
  eden space 366080K, 3% used [0x0000000795580000,0x000000079637e9c0,0x00000007abb00000)
  from space 45568K, 0% used [0x00000007abb00000,0x00000007abb00000,0x00000007ae780000)
  to   space 45056K, 0% used [0x00000007ae780000,0x00000007ae780000,0x00000007b1380000)
 ParOldGen       total 100864K, used 60015K [0x0000000740000000, 0x0000000746280000, 0x0000000795580000)
  object space 100864K, 59% used [0x0000000740000000,0x0000000743a9be00,0x0000000746280000)
 Metaspace       used 44083K, capacity 44391K, committed 44720K, reserved 1087488K
  class space    used 5905K, capacity 6020K, committed 6064K, reserved 1048576K
GC Heap History (10 events):
Event: 15.015 GC heap before
{Heap before GC invocations=13 (full 4):
 PSYoungGen      total 388096K, used 36341K [0x0000000795580000, 0x00000007b1380000, 0x00000007c0000000)
  eden space 351744K, 0% used [0x0000000795580000,0x0000000795580000,0x00000007aad00000)
  from space 36352K, 99% used [0x00000007aad00000,0x00000007ad07d628,0x00000007ad080000)
  to   space 45056K, 0% used [0x00000007ae780000,0x00000007ae780000,0x00000007b1380000)
 ParOldGen       total 100864K, used 40678K [0x0000000740000000, 0x0000000746280000, 0x0000000795580000)
  object space 100864K, 40% used [0x0000000740000000,0x00000007427b9a18,0x0000000746280000)
 Metaspace       used 44035K, capacity 44391K, committed 44720K, reserved 1087488K
  class space    used 5898K, capacity 6020K, committed 6064K, reserved 1048576K
Event: 15.147 GC heap after
Heap after GC invocations=13 (full 4):
 PSYoungGen      total 388096K, used 0K [0x0000000795580000, 0x00000007b1380000, 0x00000007c0000000)
  eden space 351744K, 0% used [0x0000000795580000,0x0000000795580000,0x00000007aad00000)
  from space 36352K, 0% used [0x00000007aad00000,0x00000007aad00000,0x00000007ad080000)
  to   space 45056K, 0% used [0x00000007ae780000,0x00000007ae780000,0x00000007b1380000)
 ParOldGen       total 100864K, used 64350K [0x0000000740000000, 0x0000000746280000, 0x0000000795580000)
  object space 100864K, 63% used [0x0000000740000000,0x0000000743ed7bc0,0x0000000746280000)
 Metaspace       used 44035K, capacity 44391K, committed 44720K, reserved 1087488K
  class space    used 5898K, capacity 6020K, committed 6064K, reserved 1048576K
}
Event: 15.229 GC heap before
{Heap before GC invocations=14 (full 4):
 PSYoungGen      total 388096K, used 23526K [0x0000000795580000, 0x00000007b1380000, 0x00000007c0000000)
  eden space 351744K, 6% used [0x0000000795580000,0x0000000796c799d8,0x00000007aad00000)
  from space 36352K, 0% used [0x00000007aad00000,0x00000007aad00000,0x00000007ad080000)
  to   space 45056K, 0% used [0x00000007ae780000,0x00000007ae780000,0x00000007b1380000)
 ParOldGen       total 100864K, used 64350K [0x0000000740000000, 0x0000000746280000, 0x0000000795580000)
  object space 100864K, 63% used [0x0000000740000000,0x0000000743ed7bc0,0x0000000746280000)
 Metaspace       used 44045K, capacity 44391K, committed 44720K, reserved 1087488K
  class space    used 5900K, capacity 6020K, committed 6064K, reserved 1048576K
Event: 15.231 GC heap after
Heap after GC invocations=14 (full 4):
 PSYoungGen      total 411136K, used 128K [0x0000000795580000, 0x00000007b1480000, 0x00000007c0000000)
  eden space 366080K, 0% used [0x0000000795580000,0x0000000795580000,0x00000007abb00000)
  from space 45056K, 0% used [0x00000007ae780000,0x00000007ae7a0000,0x00000007b1380000)
  to   space 45568K, 0% used [0x00000007abb00000,0x00000007abb00000,0x00000007ae780000)
 ParOldGen       total 100864K, used 64358K [0x0000000740000000, 0x0000000746280000, 0x0000000795580000)
  object space 100864K, 63% used [0x0000000740000000,0x0000000743ed9bc0,0x0000000746280000)
 Metaspace       used 44045K, capacity 44391K, committed 44720K, reserved 1087488K
  class space    used 5900K, capacity 6020K, committed 6064K, reserved 1048576K
}
Event: 15.231 GC heap before
{Heap before GC invocations=15 (full 5):
 PSYoungGen      total 411136K, used 128K [0x0000000795580000, 0x00000007b1480000, 0x00000007c0000000)
  eden space 366080K, 0% used [0x0000000795580000,0x0000000795580000,0x00000007abb00000)
  from space 45056K, 0% used [0x00000007ae780000,0x00000007ae7a0000,0x00000007b1380000)
  to   space 45568K, 0% used [0x00000007abb00000,0x00000007abb00000,0x00000007ae780000)
 ParOldGen       total 100864K, used 64358K [0x0000000740000000, 0x0000000746280000, 0x0000000795580000)
  object space 100864K, 63% used [0x0000000740000000,0x0000000743ed9bc0,0x0000000746280000)
 Metaspace       used 44045K, capacity 44391K, committed 44720K, reserved 1087488K
  class space    used 5900K, capacity 6020K, committed 6064K, reserved 1048576K
Event: 15.329 GC heap after
Heap after GC invocations=15 (full 5):
 PSYoungGen      total 411136K, used 0K [0x0000000795580000, 0x00000007b1480000, 0x00000007c0000000)
  eden space 366080K, 0% used [0x0000000795580000,0x0000000795580000,0x00000007abb00000)
  from space 45056K, 0% used [0x00000007ae780000,0x00000007ae780000,0x00000007b1380000)
  to   space 45568K, 0% used [0x00000007abb00000,0x00000007abb00000,0x00000007ae780000)
 ParOldGen       total 100864K, used 60015K [0x0000000740000000, 0x0000000746280000, 0x0000000795580000)
  object space 100864K, 59% used [0x0000000740000000,0x0000000743a9be00,0x0000000746280000)
 Metaspace       used 44045K, capacity 44391K, committed 44720K, reserved 1087488K
  class space    used 5900K, capacity 6020K, committed 6064K, reserved 1048576K
}
Event: 15.330 GC heap before
{Heap before GC invocations=16 (full 5):
 PSYoungGen      total 411136K, used 0K [0x0000000795580000, 0x00000007b1480000, 0x00000007c0000000)
  eden space 366080K, 0% used [0x0000000795580000,0x0000000795580000,0x00000007abb00000)
  from space 45056K, 0% used [0x00000007ae780000,0x00000007ae780000,0x00000007b1380000)
  to   space 45568K, 0% used [0x00000007abb00000,0x00000007abb00000,0x00000007ae780000)
 ParOldGen       total 100864K, used 60015K [0x0000000740000000, 0x0000000746280000, 0x0000000795580000)
  object space 100864K, 59% used [0x0000000740000000,0x0000000743a9be00,0x0000000746280000)
 Metaspace       used 44045K, capacity 44391K, committed 44720K, reserved 1087488K
  class space    used 5900K, capacity 6020K, committed 6064K, reserved 1048576K
Event: 15.331 GC heap after
Heap after GC invocations=16 (full 5):
 PSYoungGen      total 411648K, used 0K [0x0000000795580000, 0x00000007b1380000, 0x00000007c0000000)
  eden space 366080K, 0% used [0x0000000795580000,0x0000000795580000,0x00000007abb00000)
  from space 45568K, 0% used [0x00000007abb00000,0x00000007abb00000,0x00000007ae780000)
  to   space 45056K, 0% used [0x00000007ae780000,0x00000007ae780000,0x00000007b1380000)
 ParOldGen       total 100864K, used 60015K [0x0000000740000000, 0x0000000746280000, 0x0000000795580000)
  object space 100864K, 59% used [0x0000000740000000,0x0000000743a9be00,0x0000000746280000)
 Metaspace       used 44045K, capacity 44391K, committed 44720K, reserved 1087488K
  class space    used 5900K, capacity 6020K, committed 6064K, reserved 1048576K
}
Event: 15.331 GC heap before
{Heap before GC invocations=17 (full 6):
 PSYoungGen      total 411648K, used 0K [0x0000000795580000, 0x00000007b1380000, 0x00000007c0000000)
  eden space 366080K, 0% used [0x0000000795580000,0x0000000795580000,0x00000007abb00000)
  from space 45568K, 0% used [0x00000007abb00000,0x00000007abb00000,0x00000007ae780000)
  to   space 45056K, 0% used [0x00000007ae780000,0x00000007ae780000,0x00000007b1380000)
 ParOldGen       total 100864K, used 60015K [0x0000000740000000, 0x0000000746280000, 0x0000000795580000)
  object space 100864K, 59% used [0x0000000740000000,0x0000000743a9be00,0x0000000746280000)
 Metaspace       used 44045K, capacity 44391K, committed 44720K, reserved 1087488K
  class space    used 5900K, capacity 6020K, committed 6064K, reserved 1048576K
Event: 15.367 GC heap after
Heap after GC invocations=17 (full 6):
 PSYoungGen      total 411648K, used 0K [0x0000000795580000, 0x00000007b1380000, 0x00000007c0000000)
  eden space 366080K, 0% used [0x0000000795580000,0x0000000795580000,0x00000007abb00000)
  from space 45568K, 0% used [0x00000007abb00000,0x00000007abb00000,0x00000007ae780000)
  to   space 45056K, 0% used [0x00000007ae780000,0x00000007ae780000,0x00000007b1380000)
 ParOldGen       total 100864K, used 60015K [0x0000000740000000, 0x0000000746280000, 0x0000000795580000)
  object space 100864K, 59% used [0x0000000740000000,0x0000000743a9be00,0x0000000746280000)
 Metaspace       used 44045K, capacity 44391K, committed 44720K, reserved 1087488K
  class space    used 5900K, capacity 6020K, committed 6064K, reserved 1048576K
}

