# JRE version: OpenJDK Runtime Environment (8.0_462-b08) (build 1.8.0_462-b08)
# Java VM: OpenJDK 64-Bit Server VM (25.462-b08 mixed mode bsd-amd64 compressed oops)
Heap:
 PSYoungGen      total 645120K, used 33574K [0x0000000795580000, 0x00000007bf600000, 0x00000007c0000000)
  eden space 601600K, 5% used [0x0000000795580000,0x0000000797649ba8,0x00000007ba100000)
  from space 43520K, 0% used [0x00000007bcb80000,0x00000007bcb80000,0x00000007bf600000)
  to   space 43520K, 0% used [0x00000007ba100000,0x00000007ba100000,0x00000007bcb80000)
 ParOldGen       total 103936K, used 59904K [0x0000000740000000, 0x0000000746580000, 0x0000000795580000)
  object space 103936K, 57% used [0x0000000740000000,0x0000000743a80290,0x0000000746580000)
 Metaspace       used 44125K, capacity 44391K, committed 44720K, reserved 1087488K
  class space    used 5917K, capacity 6020K, committed 6064K, reserved 1048576K
GC Heap History (10 events):
Event: 15.356 GC heap before
{Heap before GC invocations=14 (full 4):
 PSYoungGen      total 641536K, used 17293K [0x0000000795580000, 0x00000007bf400000, 0x00000007c0000000)
  eden space 601600K, 0% used [0x0000000795580000,0x0000000795580000,0x00000007ba100000)
  from space 39936K, 43% used [0x00000007bcd00000,0x00000007bdde36f8,0x00000007bf400000)
  to   space 42496K, 0% used [0x00000007ba100000,0x00000007ba100000,0x00000007bca80000)
 ParOldGen       total 103936K, used 62081K [0x0000000740000000, 0x0000000746580000, 0x0000000795580000)
  object space 103936K, 59% used [0x0000000740000000,0x0000000743ca05d0,0x0000000746580000)
 Metaspace       used 44058K, capacity 44391K, committed 44720K, reserved 1087488K
  class space    used 5906K, capacity 6020K, committed 6064K, reserved 1048576K
Event: 15.476 GC heap after
Heap after GC invocations=14 (full 4):
 PSYoungGen      total 641536K, used 0K [0x0000000795580000, 0x00000007bf400000, 0x00000007c0000000)
  eden space 601600K, 0% used [0x0000000795580000,0x0000000795580000,0x00000007ba100000)
  from space 39936K, 0% used [0x00000007bcd00000,0x00000007bcd00000,0x00000007bf400000)
  to   space 42496K, 0% used [0x00000007ba100000,0x00000007ba100000,0x00000007bca80000)
 ParOldGen       total 103936K, used 60144K [0x0000000740000000, 0x0000000746580000, 0x0000000795580000)
  object space 103936K, 57% used [0x0000000740000000,0x0000000743abc2e0,0x0000000746580000)
 Metaspace       used 44058K, capacity 44391K, committed 44720K, reserved 1087488K
  class space    used 5906K, capacity 6020K, committed 6064K, reserved 1048576K
}
Event: 15.517 GC heap before
{Heap before GC invocations=15 (full 4):
 PSYoungGen      total 641536K, used 27900K [0x0000000795580000, 0x00000007bf400000, 0x00000007c0000000)
  eden space 601600K, 4% used [0x0000000795580000,0x00000007970bf010,0x00000007ba100000)
  from space 39936K, 0% used [0x00000007bcd00000,0x00000007bcd00000,0x00000007bf400000)
  to   space 42496K, 0% used [0x00000007ba100000,0x00000007ba100000,0x00000007bca80000)
 ParOldGen       total 103936K, used 60144K [0x0000000740000000, 0x0000000746580000, 0x0000000795580000)
  object space 103936K, 57% used [0x0000000740000000,0x0000000743abc2e0,0x0000000746580000)
 Metaspace       used 44068K, capacity 44391K, committed 44720K, reserved 1087488K
  class space    used 5908K, capacity 6020K, committed 6064K, reserved 1048576K
Event: 15.518 GC heap after
Heap after GC invocations=15 (full 4):
 PSYoungGen      total 644096K, used 160K [0x0000000795580000, 0x00000007bf600000, 0x00000007c0000000)
  eden space 601600K, 0% used [0x0000000795580000,0x0000000795580000,0x00000007ba100000)
  from space 42496K, 0% used [0x00000007ba100000,0x00000007ba128000,0x00000007bca80000)
  to   space 43520K, 0% used [0x00000007bcb80000,0x00000007bcb80000,0x00000007bf600000)
 ParOldGen       total 103936K, used 60144K [0x0000000740000000, 0x0000000746580000, 0x0000000795580000)
  object space 103936K, 57% used [0x0000000740000000,0x0000000743abc2e0,0x0000000746580000)
 Metaspace       used 44068K, capacity 44391K, committed 44720K, reserved 1087488K
  class space    used 5908K, capacity 6020K, committed 6064K, reserved 1048576K
}
Event: 15.518 GC heap before
{Heap before GC invocations=16 (full 5):
 PSYoungGen      total 644096K, used 160K [0x0000000795580000, 0x00000007bf600000, 0x00000007c0000000)
  eden space 601600K, 0% used [0x0000000795580000,0x0000000795580000,0x00000007ba100000)
  from space 42496K, 0% used [0x00000007ba100000,0x00000007ba128000,0x00000007bca80000)
  to   space 43520K, 0% used [0x00000007bcb80000,0x00000007bcb80000,0x00000007bf600000)
 ParOldGen       total 103936K, used 60144K [0x0000000740000000, 0x0000000746580000, 0x0000000795580000)
  object space 103936K, 57% used [0x0000000740000000,0x0000000743abc2e0,0x0000000746580000)
 Metaspace       used 44068K, capacity 44391K, committed 44720K, reserved 1087488K
  class space    used 5908K, capacity 6020K, committed 6064K, reserved 1048576K
Event: 15.643 GC heap after
Heap after GC invocations=16 (full 5):
 PSYoungGen      total 644096K, used 0K [0x0000000795580000, 0x00000007bf600000, 0x00000007c0000000)
  eden space 601600K, 0% used [0x0000000795580000,0x0000000795580000,0x00000007ba100000)
  from space 42496K, 0% used [0x00000007ba100000,0x00000007ba100000,0x00000007bca80000)
  to   space 43520K, 0% used [0x00000007bcb80000,0x00000007bcb80000,0x00000007bf600000)
 ParOldGen       total 103936K, used 59904K [0x0000000740000000, 0x0000000746580000, 0x0000000795580000)
  object space 103936K, 57% used [0x0000000740000000,0x0000000743a80290,0x0000000746580000)
 Metaspace       used 44068K, capacity 44391K, committed 44720K, reserved 1087488K
  class space    used 5908K, capacity 6020K, committed 6064K, reserved 1048576K
}
Event: 15.643 GC heap before
{Heap before GC invocations=17 (full 5):
 PSYoungGen      total 644096K, used 0K [0x0000000795580000, 0x00000007bf600000, 0x00000007c0000000)
  eden space 601600K, 0% used [0x0000000795580000,0x0000000795580000,0x00000007ba100000)
  from space 42496K, 0% used [0x00000007ba100000,0x00000007ba100000,0x00000007bca80000)
  to   space 43520K, 0% used [0x00000007bcb80000,0x00000007bcb80000,0x00000007bf600000)
 ParOldGen       total 103936K, used 59904K [0x0000000740000000, 0x0000000746580000, 0x0000000795580000)
  object space 103936K, 57% used [0x0000000740000000,0x0000000743a80290,0x0000000746580000)
 Metaspace       used 44068K, capacity 44391K, committed 44720K, reserved 1087488K
  class space    used 5908K, capacity 6020K, committed 6064K, reserved 1048576K
Event: 15.644 GC heap after
Heap after GC invocations=17 (full 5):
 PSYoungGen      total 645120K, used 0K [0x0000000795580000, 0x00000007bf600000, 0x00000007c0000000)
  eden space 601600K, 0% used [0x0000000795580000,0x0000000795580000,0x00000007ba100000)
  from space 43520K, 0% used [0x00000007bcb80000,0x00000007bcb80000,0x00000007bf600000)
  to   space 43520K, 0% used [0x00000007ba100000,0x00000007ba100000,0x00000007bcb80000)
 ParOldGen       total 103936K, used 59904K [0x0000000740000000, 0x0000000746580000, 0x0000000795580000)
  object space 103936K, 57% used [0x0000000740000000,0x0000000743a80290,0x0000000746580000)
 Metaspace       used 44068K, capacity 44391K, committed 44720K, reserved 1087488K
  class space    used 5908K, capacity 6020K, committed 6064K, reserved 1048576K
}
Event: 15.644 GC heap before
{Heap before GC invocations=18 (full 6):
 PSYoungGen      total 645120K, used 0K [0x0000000795580000, 0x00000007bf600000, 0x00000007c0000000)
  eden space 601600K, 0% used [0x0000000795580000,0x0000000795580000,0x00000007ba100000)
  from space 43520K, 0% used [0x00000007bcb80000,0x00000007bcb80000,0x00000007bf600000)
  to   space 43520K, 0% used [0x00000007ba100000,0x00000007ba100000,0x00000007bcb80000)
 ParOldGen       total 103936K, used 59904K [0x0000000740000000, 0x0000000746580000, 0x0000000795580000)
  object space 103936K, 57% used [0x0000000740000000,0x0000000743a80290,0x0000000746580000)
 Metaspace       used 44068K, capacity 44391K, committed 44720K, reserved 1087488K
  class space    used 5908K, capacity 6020K, committed 6064K, reserved 1048576K
Event: 15.680 GC heap after
Heap after GC invocations=18 (full 6):
 PSYoungGen      total 645120K, used 0K [0x0000000795580000, 0x00000007bf600000, 0x00000007c0000000)
  eden space 601600K, 0% used [0x0000000795580000,0x0000000795580000,0x00000007ba100000)
  from space 43520K, 0% used [0x00000007bcb80000,0x00000007bcb80000,0x00000007bf600000)
  to   space 43520K, 0% used [0x00000007ba100000,0x00000007ba100000,0x00000007bcb80000)
 ParOldGen       total 103936K, used 59904K [0x0000000740000000, 0x0000000746580000, 0x0000000795580000)
  object space 103936K, 57% used [0x0000000740000000,0x0000000743a80290,0x0000000746580000)
 Metaspace       used 44068K, capacity 44391K, committed 44720K, reserved 1087488K
  class space    used 5908K, capacity 6020K, committed 6064K, reserved 1048576K
}

