# JRE version: OpenJDK Runtime Environment (8.0_462-b08) (build 1.8.0_462-b08)
# Java VM: OpenJDK 64-Bit Server VM (25.462-b08 mixed mode bsd-amd64 compressed oops)
Heap:
 PSYoungGen      total 406528K, used 189704K [0x0000000795580000, 0x00000007c0000000, 0x00000007c0000000)
  eden space 367104K, 40% used [0x0000000795580000,0x000000079e845878,0x00000007abc00000)
  from space 39424K, 99% used [0x00000007abc00000,0x00000007ae27c878,0x00000007ae280000)
  to   space 50176K, 0% used [0x00000007bcf00000,0x00000007bcf00000,0x00000007c0000000)
 ParOldGen       total 100352K, used 48731K [0x0000000740000000, 0x0000000746200000, 0x0000000795580000)
  object space 100352K, 48% used [0x0000000740000000,0x0000000742f96d58,0x0000000746200000)
 Metaspace       used 44224K, capacity 44551K, committed 44976K, reserved 1087488K
  class space    used 5918K, capacity 6052K, committed 6064K, reserved 1048576K
GC Heap History (10 events):
Event: 12.566 GC heap before
{Heap before GC invocations=8 (full 2):
 PSYoungGen      total 135168K, used 135145K [0x0000000795580000, 0x00000007a4180000, 0x00000007c0000000)
  eden space 130048K, 100% used [0x0000000795580000,0x000000079d480000,0x000000079d480000)
  from space 5120K, 99% used [0x000000079d480000,0x000000079d97a6d0,0x000000079d980000)
  to   space 5120K, 0% used [0x00000007a3c80000,0x00000007a3c80000,0x00000007a4180000)
 ParOldGen       total 48640K, used 9305K [0x0000000740000000, 0x0000000742f80000, 0x0000000795580000)
  object space 48640K, 19% used [0x0000000740000000,0x0000000740916450,0x0000000742f80000)
 Metaspace       used 33403K, capacity 33590K, committed 33840K, reserved 1079296K
  class space    used 4547K, capacity 4616K, committed 4656K, reserved 1048576K
Event: 12.619 GC heap after
Heap after GC invocations=8 (full 2):
 PSYoungGen      total 216064K, used 5111K [0x0000000795580000, 0x00000007a6e80000, 0x00000007c0000000)
  eden space 210944K, 0% used [0x0000000795580000,0x0000000795580000,0x00000007a2380000)
  from space 5120K, 99% used [0x00000007a3c80000,0x00000007a417dd90,0x00000007a4180000)
  to   space 25600K, 0% used [0x00000007a2380000,0x00000007a2380000,0x00000007a3c80000)
 ParOldGen       total 48640K, used 34195K [0x0000000740000000, 0x0000000742f80000, 0x0000000795580000)
  object space 48640K, 70% used [0x0000000740000000,0x0000000742164e98,0x0000000742f80000)
 Metaspace       used 33403K, capacity 33590K, committed 33840K, reserved 1079296K
  class space    used 4547K, capacity 4616K, committed 4656K, reserved 1048576K
}
Event: 12.620 GC heap before
{Heap before GC invocations=9 (full 3):
 PSYoungGen      total 216064K, used 5111K [0x0000000795580000, 0x00000007a6e80000, 0x00000007c0000000)
  eden space 210944K, 0% used [0x0000000795580000,0x0000000795580000,0x00000007a2380000)
  from space 5120K, 99% used [0x00000007a3c80000,0x00000007a417dd90,0x00000007a4180000)
  to   space 25600K, 0% used [0x00000007a2380000,0x00000007a2380000,0x00000007a3c80000)
 ParOldGen       total 48640K, used 34195K [0x0000000740000000, 0x0000000742f80000, 0x0000000795580000)
  object space 48640K, 70% used [0x0000000740000000,0x0000000742164e98,0x0000000742f80000)
 Metaspace       used 33403K, capacity 33590K, committed 33840K, reserved 1079296K
  class space    used 4547K, capacity 4616K, committed 4656K, reserved 1048576K
Event: 12.729 GC heap after
Heap after GC invocations=9 (full 3):
 PSYoungGen      total 216064K, used 0K [0x0000000795580000, 0x00000007a6e80000, 0x00000007c0000000)
  eden space 210944K, 0% used [0x0000000795580000,0x0000000795580000,0x00000007a2380000)
  from space 5120K, 0% used [0x00000007a3c80000,0x00000007a3c80000,0x00000007a4180000)
  to   space 25600K, 0% used [0x00000007a2380000,0x00000007a2380000,0x00000007a3c80000)
 ParOldGen       total 100352K, used 34483K [0x0000000740000000, 0x0000000746200000, 0x0000000795580000)
  object space 100352K, 34% used [0x0000000740000000,0x00000007421acd08,0x0000000746200000)
 Metaspace       used 33403K, capacity 33590K, committed 33840K, reserved 1079296K
  class space    used 4547K, capacity 4616K, committed 4656K, reserved 1048576K
}
Event: 15.058 GC heap before
{Heap before GC invocations=10 (full 3):
 PSYoungGen      total 216064K, used 210944K [0x0000000795580000, 0x00000007a6e80000, 0x00000007c0000000)
  eden space 210944K, 100% used [0x0000000795580000,0x00000007a2380000,0x00000007a2380000)
  from space 5120K, 0% used [0x00000007a3c80000,0x00000007a3c80000,0x00000007a4180000)
  to   space 25600K, 0% used [0x00000007a2380000,0x00000007a2380000,0x00000007a3c80000)
 ParOldGen       total 100352K, used 34483K [0x0000000740000000, 0x0000000746200000, 0x0000000795580000)
  object space 100352K, 34% used [0x0000000740000000,0x00000007421acd08,0x0000000746200000)
 Metaspace       used 37770K, capacity 38053K, committed 38448K, reserved 1083392K
  class space    used 5207K, capacity 5300K, committed 5424K, reserved 1048576K
Event: 15.139 GC heap after
Heap after GC invocations=10 (full 3):
 PSYoungGen      total 236544K, used 25591K [0x0000000795580000, 0x00000007b0180000, 0x00000007c0000000)
  eden space 210944K, 0% used [0x0000000795580000,0x0000000795580000,0x00000007a2380000)
  from space 25600K, 99% used [0x00000007a2380000,0x00000007a3c7dec8,0x00000007a3c80000)
  to   space 31744K, 0% used [0x00000007ae280000,0x00000007ae280000,0x00000007b0180000)
 ParOldGen       total 100352K, used 35219K [0x0000000740000000, 0x0000000746200000, 0x0000000795580000)
  object space 100352K, 35% used [0x0000000740000000,0x0000000742264ea8,0x0000000746200000)
 Metaspace       used 37770K, capacity 38053K, committed 38448K, reserved 1083392K
  class space    used 5207K, capacity 5300K, committed 5424K, reserved 1048576K
}
Event: 17.000 GC heap before
{Heap before GC invocations=11 (full 3):
 PSYoungGen      total 236544K, used 236535K [0x0000000795580000, 0x00000007b0180000, 0x00000007c0000000)
  eden space 210944K, 100% used [0x0000000795580000,0x00000007a2380000,0x00000007a2380000)
  from space 25600K, 99% used [0x00000007a2380000,0x00000007a3c7dec8,0x00000007a3c80000)
  to   space 31744K, 0% used [0x00000007ae280000,0x00000007ae280000,0x00000007b0180000)
 ParOldGen       total 100352K, used 35219K [0x0000000740000000, 0x0000000746200000, 0x0000000795580000)
  object space 100352K, 35% used [0x0000000740000000,0x0000000742264ea8,0x0000000746200000)
 Metaspace       used 39942K, capacity 40231K, committed 40624K, reserved 1085440K
  class space    used 5410K, capacity 5493K, committed 5552K, reserved 1048576K
Event: 17.069 GC heap after
Heap after GC invocations=11 (full 3):
 PSYoungGen      total 398848K, used 31724K [0x0000000795580000, 0x00000007b1200000, 0x00000007c0000000)
  eden space 367104K, 0% used [0x0000000795580000,0x0000000795580000,0x00000007abc00000)
  from space 31744K, 99% used [0x00000007ae280000,0x00000007b017b098,0x00000007b0180000)
  to   space 39424K, 0% used [0x00000007abc00000,0x00000007abc00000,0x00000007ae280000)
 ParOldGen       total 100352K, used 38941K [0x0000000740000000, 0x0000000746200000, 0x0000000795580000)
  object space 100352K, 38% used [0x0000000740000000,0x0000000742607420,0x0000000746200000)
 Metaspace       used 39942K, capacity 40231K, committed 40624K, reserved 1085440K
  class space    used 5410K, capacity 5493K, committed 5552K, reserved 1048576K
}
Event: 19.503 GC heap before
{Heap before GC invocations=12 (full 3):
 PSYoungGen      total 398848K, used 398828K [0x0000000795580000, 0x00000007b1200000, 0x00000007c0000000)
  eden space 367104K, 100% used [0x0000000795580000,0x00000007abc00000,0x00000007abc00000)
  from space 31744K, 99% used [0x00000007ae280000,0x00000007b017b098,0x00000007b0180000)
  to   space 39424K, 0% used [0x00000007abc00000,0x00000007abc00000,0x00000007ae280000)
 ParOldGen       total 100352K, used 38941K [0x0000000740000000, 0x0000000746200000, 0x0000000795580000)
  object space 100352K, 38% used [0x0000000740000000,0x0000000742607420,0x0000000746200000)
 Metaspace       used 42820K, capacity 43189K, committed 43568K, reserved 1087488K
  class space    used 5772K, capacity 5883K, committed 5936K, reserved 1048576K
Event: 19.568 GC heap after
Heap after GC invocations=12 (full 3):
 PSYoungGen      total 406528K, used 39410K [0x0000000795580000, 0x00000007c0000000, 0x00000007c0000000)
  eden space 367104K, 0% used [0x0000000795580000,0x0000000795580000,0x00000007abc00000)
  from space 39424K, 99% used [0x00000007abc00000,0x00000007ae27c878,0x00000007ae280000)
  to   space 50176K, 0% used [0x00000007bcf00000,0x00000007bcf00000,0x00000007c0000000)
 ParOldGen       total 100352K, used 48731K [0x0000000740000000, 0x0000000746200000, 0x0000000795580000)
  object space 100352K, 48% used [0x0000000740000000,0x0000000742f96d58,0x0000000746200000)
 Metaspace       used 42820K, capacity 43189K, committed 43568K, reserved 1087488K
  class space    used 5772K, capacity 5883K, committed 5936K, reserved 1048576K
}

