# JRE version: OpenJDK Runtime Environment (8.0_462-b08) (build 1.8.0_462-b08)
# Java VM: OpenJDK 64-Bit Server VM (25.462-b08 mixed mode bsd-amd64 compressed oops)
Heap:
 PSYoungGen      total 667648K, used 18842K [0x0000000795580000, 0x00000007bff00000, 0x00000007c0000000)
  eden space 640512K, 2% used [0x0000000795580000,0x00000007967e6bf0,0x00000007bc700000)
  from space 27136K, 0% used [0x00000007be280000,0x00000007be280000,0x00000007bfd00000)
  to   space 28160K, 0% used [0x00000007bc700000,0x00000007bc700000,0x00000007be280000)
 ParOldGen       total 185856K, used 95611K [0x0000000740000000, 0x000000074b580000, 0x0000000795580000)
  object space 185856K, 51% used [0x0000000740000000,0x0000000745d5ec98,0x000000074b580000)
 Metaspace       used 55297K, capacity 55711K, committed 55856K, reserved 1097728K
  class space    used 7079K, capacity 7190K, committed 7216K, reserved 1048576K
GC Heap History (10 events):
Event: 147.893 GC heap before
{Heap before GC invocations=38 (full 12):
 PSYoungGen      total 667136K, used 13664K [0x0000000795580000, 0x00000007bfb00000, 0x00000007c0000000)
  eden space 641536K, 0% used [0x0000000795580000,0x0000000795580000,0x00000007bc800000)
  from space 25600K, 53% used [0x00000007be200000,0x00000007bef581f0,0x00000007bfb00000)
  to   space 26112K, 0% used [0x00000007bc800000,0x00000007bc800000,0x00000007be180000)
 ParOldGen       total 185856K, used 115351K [0x0000000740000000, 0x000000074b580000, 0x0000000795580000)
  object space 185856K, 62% used [0x0000000740000000,0x00000007470a5f70,0x000000074b580000)
 Metaspace       used 55286K, capacity 55711K, committed 55856K, reserved 1097728K
  class space    used 7077K, capacity 7190K, committed 7216K, reserved 1048576K
Event: 148.157 GC heap after
Heap after GC invocations=38 (full 12):
 PSYoungGen      total 667136K, used 0K [0x0000000795580000, 0x00000007bfb00000, 0x00000007c0000000)
  eden space 641536K, 0% used [0x0000000795580000,0x0000000795580000,0x00000007bc800000)
  from space 25600K, 0% used [0x00000007be200000,0x00000007be200000,0x00000007bfb00000)
  to   space 26112K, 0% used [0x00000007bc800000,0x00000007bc800000,0x00000007be180000)
 ParOldGen       total 185856K, used 97065K [0x0000000740000000, 0x000000074b580000, 0x0000000795580000)
  object space 185856K, 52% used [0x0000000740000000,0x0000000745eca4d0,0x000000074b580000)
 Metaspace       used 55286K, capacity 55711K, committed 55856K, reserved 1097728K
  class space    used 7077K, capacity 7190K, committed 7216K, reserved 1048576K
}
Event: 148.258 GC heap before
{Heap before GC invocations=39 (full 12):
 PSYoungGen      total 667136K, used 10376K [0x0000000795580000, 0x00000007bfb00000, 0x00000007c0000000)
  eden space 641536K, 1% used [0x0000000795580000,0x0000000795fa20d8,0x00000007bc800000)
  from space 25600K, 0% used [0x00000007be200000,0x00000007be200000,0x00000007bfb00000)
  to   space 26112K, 0% used [0x00000007bc800000,0x00000007bc800000,0x00000007be180000)
 ParOldGen       total 185856K, used 97065K [0x0000000740000000, 0x000000074b580000, 0x0000000795580000)
  object space 185856K, 52% used [0x0000000740000000,0x0000000745eca4d0,0x000000074b580000)
 Metaspace       used 55286K, capacity 55711K, committed 55856K, reserved 1097728K
  class space    used 7077K, capacity 7190K, committed 7216K, reserved 1048576K
Event: 148.259 GC heap after
Heap after GC invocations=39 (full 12):
 PSYoungGen      total 667648K, used 128K [0x0000000795580000, 0x00000007bfd00000, 0x00000007c0000000)
  eden space 641536K, 0% used [0x0000000795580000,0x0000000795580000,0x00000007bc800000)
  from space 26112K, 0% used [0x00000007bc800000,0x00000007bc820000,0x00000007be180000)
  to   space 27136K, 0% used [0x00000007be280000,0x00000007be280000,0x00000007bfd00000)
 ParOldGen       total 185856K, used 97065K [0x0000000740000000, 0x000000074b580000, 0x0000000795580000)
  object space 185856K, 52% used [0x0000000740000000,0x0000000745eca4d0,0x000000074b580000)
 Metaspace       used 55286K, capacity 55711K, committed 55856K, reserved 1097728K
  class space    used 7077K, capacity 7190K, committed 7216K, reserved 1048576K
}
Event: 148.260 GC heap before
{Heap before GC invocations=40 (full 13):
 PSYoungGen      total 667648K, used 128K [0x0000000795580000, 0x00000007bfd00000, 0x00000007c0000000)
  eden space 641536K, 0% used [0x0000000795580000,0x0000000795580000,0x00000007bc800000)
  from space 26112K, 0% used [0x00000007bc800000,0x00000007bc820000,0x00000007be180000)
  to   space 27136K, 0% used [0x00000007be280000,0x00000007be280000,0x00000007bfd00000)
 ParOldGen       total 185856K, used 97065K [0x0000000740000000, 0x000000074b580000, 0x0000000795580000)
  object space 185856K, 52% used [0x0000000740000000,0x0000000745eca4d0,0x000000074b580000)
 Metaspace       used 55286K, capacity 55711K, committed 55856K, reserved 1097728K
  class space    used 7077K, capacity 7190K, committed 7216K, reserved 1048576K
Event: 148.328 GC heap after
Heap after GC invocations=40 (full 13):
 PSYoungGen      total 667648K, used 0K [0x0000000795580000, 0x00000007bfd00000, 0x00000007c0000000)
  eden space 641536K, 0% used [0x0000000795580000,0x0000000795580000,0x00000007bc800000)
  from space 26112K, 0% used [0x00000007bc800000,0x00000007bc800000,0x00000007be180000)
  to   space 27136K, 0% used [0x00000007be280000,0x00000007be280000,0x00000007bfd00000)
 ParOldGen       total 185856K, used 95611K [0x0000000740000000, 0x000000074b580000, 0x0000000795580000)
  object space 185856K, 51% used [0x0000000740000000,0x0000000745d5ec98,0x000000074b580000)
 Metaspace       used 55286K, capacity 55711K, committed 55856K, reserved 1097728K
  class space    used 7077K, capacity 7190K, committed 7216K, reserved 1048576K
}
Event: 148.328 GC heap before
{Heap before GC invocations=41 (full 13):
 PSYoungGen      total 667648K, used 0K [0x0000000795580000, 0x00000007bfd00000, 0x00000007c0000000)
  eden space 641536K, 0% used [0x0000000795580000,0x0000000795580000,0x00000007bc800000)
  from space 26112K, 0% used [0x00000007bc800000,0x00000007bc800000,0x00000007be180000)
  to   space 27136K, 0% used [0x00000007be280000,0x00000007be280000,0x00000007bfd00000)
 ParOldGen       total 185856K, used 95611K [0x0000000740000000, 0x000000074b580000, 0x0000000795580000)
  object space 185856K, 51% used [0x0000000740000000,0x0000000745d5ec98,0x000000074b580000)
 Metaspace       used 55286K, capacity 55711K, committed 55856K, reserved 1097728K
  class space    used 7077K, capacity 7190K, committed 7216K, reserved 1048576K
Event: 148.330 GC heap after
Heap after GC invocations=41 (full 13):
 PSYoungGen      total 667648K, used 0K [0x0000000795580000, 0x00000007bff00000, 0x00000007c0000000)
  eden space 640512K, 0% used [0x0000000795580000,0x0000000795580000,0x00000007bc700000)
  from space 27136K, 0% used [0x00000007be280000,0x00000007be280000,0x00000007bfd00000)
  to   space 28160K, 0% used [0x00000007bc700000,0x00000007bc700000,0x00000007be280000)
 ParOldGen       total 185856K, used 95611K [0x0000000740000000, 0x000000074b580000, 0x0000000795580000)
  object space 185856K, 51% used [0x0000000740000000,0x0000000745d5ec98,0x000000074b580000)
 Metaspace       used 55286K, capacity 55711K, committed 55856K, reserved 1097728K
  class space    used 7077K, capacity 7190K, committed 7216K, reserved 1048576K
}
Event: 148.330 GC heap before
{Heap before GC invocations=42 (full 14):
 PSYoungGen      total 667648K, used 0K [0x0000000795580000, 0x00000007bff00000, 0x00000007c0000000)
  eden space 640512K, 0% used [0x0000000795580000,0x0000000795580000,0x00000007bc700000)
  from space 27136K, 0% used [0x00000007be280000,0x00000007be280000,0x00000007bfd00000)
  to   space 28160K, 0% used [0x00000007bc700000,0x00000007bc700000,0x00000007be280000)
 ParOldGen       total 185856K, used 95611K [0x0000000740000000, 0x000000074b580000, 0x0000000795580000)
  object space 185856K, 51% used [0x0000000740000000,0x0000000745d5ec98,0x000000074b580000)
 Metaspace       used 55286K, capacity 55711K, committed 55856K, reserved 1097728K
  class space    used 7077K, capacity 7190K, committed 7216K, reserved 1048576K
Event: 148.383 GC heap after
Heap after GC invocations=42 (full 14):
 PSYoungGen      total 667648K, used 0K [0x0000000795580000, 0x00000007bff00000, 0x00000007c0000000)
  eden space 640512K, 0% used [0x0000000795580000,0x0000000795580000,0x00000007bc700000)
  from space 27136K, 0% used [0x00000007be280000,0x00000007be280000,0x00000007bfd00000)
  to   space 28160K, 0% used [0x00000007bc700000,0x00000007bc700000,0x00000007be280000)
 ParOldGen       total 185856K, used 95611K [0x0000000740000000, 0x000000074b580000, 0x0000000795580000)
  object space 185856K, 51% used [0x0000000740000000,0x0000000745d5ec98,0x000000074b580000)
 Metaspace       used 55286K, capacity 55711K, committed 55856K, reserved 1097728K
  class space    used 7077K, capacity 7190K, committed 7216K, reserved 1048576K
}

