# JRE version: OpenJDK Runtime Environment (8.0_462-b08) (build 1.8.0_462-b08)
# Java VM: OpenJDK 64-Bit Server VM (25.462-b08 mixed mode bsd-amd64 compressed oops)
Heap:
 PSYoungGen      total 615936K, used 318641K [0x0000000795580000, 0x00000007c0000000, 0x00000007c0000000)
  eden space 543232K, 47% used [0x0000000795580000,0x00000007a53c1e78,0x00000007b6800000)
  from space 72704K, 80% used [0x00000007bb900000,0x00000007bf1ea7e0,0x00000007c0000000)
  to   space 77824K, 0% used [0x00000007b6800000,0x00000007b6800000,0x00000007bb400000)
 ParOldGen       total 236032K, used 165653K [0x0000000740000000, 0x000000074e680000, 0x0000000795580000)
  object space 236032K, 70% used [0x0000000740000000,0x000000074a1c5668,0x000000074e680000)
 Metaspace       used 53116K, capacity 53523K, committed 54056K, reserved 1095680K
  class space    used 6725K, capacity 6870K, committed 6960K, reserved 1048576K
GC Heap History (10 events):
Event: 107.378 GC heap before
{Heap before GC invocations=29 (full 7):
 PSYoungGen      total 611328K, used 610939K [0x0000000795580000, 0x00000007c0000000, 0x00000007c0000000)
  eden space 566784K, 100% used [0x0000000795580000,0x00000007b7f00000,0x00000007b7f00000)
  from space 44544K, 99% used [0x00000007b7f00000,0x00000007baa1eeb0,0x00000007baa80000)
  to   space 68608K, 0% used [0x00000007bbd00000,0x00000007bbd00000,0x00000007c0000000)
 ParOldGen       total 236032K, used 165645K [0x0000000740000000, 0x000000074e680000, 0x0000000795580000)
  object space 236032K, 70% used [0x0000000740000000,0x000000074a1c3668,0x000000074e680000)
 Metaspace       used 52962K, capacity 53331K, committed 53800K, reserved 1095680K
  class space    used 6716K, capacity 6870K, committed 6960K, reserved 1048576K
Event: 107.449 GC heap after
Heap after GC invocations=29 (full 7):
 PSYoungGen      total 628224K, used 42946K [0x0000000795580000, 0x00000007c0000000, 0x00000007c0000000)
  eden space 559616K, 0% used [0x0000000795580000,0x0000000795580000,0x00000007b7800000)
  from space 68608K, 62% used [0x00000007bbd00000,0x00000007be6f08a0,0x00000007c0000000)
  to   space 69632K, 0% used [0x00000007b7800000,0x00000007b7800000,0x00000007bbc00000)
 ParOldGen       total 236032K, used 165645K [0x0000000740000000, 0x000000074e680000, 0x0000000795580000)
  object space 236032K, 70% used [0x0000000740000000,0x000000074a1c3668,0x000000074e680000)
 Metaspace       used 52962K, capacity 53331K, committed 53800K, reserved 1095680K
  class space    used 6716K, capacity 6870K, committed 6960K, reserved 1048576K
}
Event: 112.231 GC heap before
{Heap before GC invocations=30 (full 7):
 PSYoungGen      total 628224K, used 602562K [0x0000000795580000, 0x00000007c0000000, 0x00000007c0000000)
  eden space 559616K, 100% used [0x0000000795580000,0x00000007b7800000,0x00000007b7800000)
  from space 68608K, 62% used [0x00000007bbd00000,0x00000007be6f08a0,0x00000007c0000000)
  to   space 69632K, 0% used [0x00000007b7800000,0x00000007b7800000,0x00000007bbc00000)
 ParOldGen       total 236032K, used 165645K [0x0000000740000000, 0x000000074e680000, 0x0000000795580000)
  object space 236032K, 70% used [0x0000000740000000,0x000000074a1c3668,0x000000074e680000)
 Metaspace       used 52977K, capacity 53331K, committed 53800K, reserved 1095680K
  class space    used 6716K, capacity 6870K, committed 6960K, reserved 1048576K
Event: 112.300 GC heap after
Heap after GC invocations=30 (full 7):
 PSYoungGen      total 602624K, used 42585K [0x0000000795580000, 0x00000007c0000000, 0x00000007c0000000)
  eden space 559616K, 0% used [0x0000000795580000,0x0000000795580000,0x00000007b7800000)
  from space 43008K, 99% used [0x00000007b7800000,0x00000007ba196550,0x00000007ba200000)
  to   space 70656K, 0% used [0x00000007bbb00000,0x00000007bbb00000,0x00000007c0000000)
 ParOldGen       total 236032K, used 165653K [0x0000000740000000, 0x000000074e680000, 0x0000000795580000)
  object space 236032K, 70% used [0x0000000740000000,0x000000074a1c5668,0x000000074e680000)
 Metaspace       used 52977K, capacity 53331K, committed 53800K, reserved 1095680K
  class space    used 6716K, capacity 6870K, committed 6960K, reserved 1048576K
}
Event: 113.639 GC heap before
{Heap before GC invocations=31 (full 7):
 PSYoungGen      total 602624K, used 602201K [0x0000000795580000, 0x00000007c0000000, 0x00000007c0000000)
  eden space 559616K, 100% used [0x0000000795580000,0x00000007b7800000,0x00000007b7800000)
  from space 43008K, 99% used [0x00000007b7800000,0x00000007ba196550,0x00000007ba200000)
  to   space 70656K, 0% used [0x00000007bbb00000,0x00000007bbb00000,0x00000007c0000000)
 ParOldGen       total 236032K, used 165653K [0x0000000740000000, 0x000000074e680000, 0x0000000795580000)
  object space 236032K, 70% used [0x0000000740000000,0x000000074a1c5668,0x000000074e680000)
 Metaspace       used 52981K, capacity 53331K, committed 53800K, reserved 1095680K
  class space    used 6716K, capacity 6870K, committed 6960K, reserved 1048576K
Event: 113.707 GC heap after
Heap after GC invocations=31 (full 7):
 PSYoungGen      total 628224K, used 42536K [0x0000000795580000, 0x00000007c0000000, 0x00000007c0000000)
  eden space 557568K, 0% used [0x0000000795580000,0x0000000795580000,0x00000007b7600000)
  from space 70656K, 60% used [0x00000007bbb00000,0x00000007be48a110,0x00000007c0000000)
  to   space 70656K, 0% used [0x00000007b7600000,0x00000007b7600000,0x00000007bbb00000)
 ParOldGen       total 236032K, used 165653K [0x0000000740000000, 0x000000074e680000, 0x0000000795580000)
  object space 236032K, 70% used [0x0000000740000000,0x000000074a1c5668,0x000000074e680000)
 Metaspace       used 52981K, capacity 53331K, committed 53800K, reserved 1095680K
  class space    used 6716K, capacity 6870K, committed 6960K, reserved 1048576K
}
Event: 115.189 GC heap before
{Heap before GC invocations=32 (full 7):
 PSYoungGen      total 628224K, used 600104K [0x0000000795580000, 0x00000007c0000000, 0x00000007c0000000)
  eden space 557568K, 100% used [0x0000000795580000,0x00000007b7600000,0x00000007b7600000)
  from space 70656K, 60% used [0x00000007bbb00000,0x00000007be48a110,0x00000007c0000000)
  to   space 70656K, 0% used [0x00000007b7600000,0x00000007b7600000,0x00000007bbb00000)
 ParOldGen       total 236032K, used 165653K [0x0000000740000000, 0x000000074e680000, 0x0000000795580000)
  object space 236032K, 70% used [0x0000000740000000,0x000000074a1c5668,0x000000074e680000)
 Metaspace       used 52985K, capacity 53331K, committed 53800K, reserved 1095680K
  class space    used 6716K, capacity 6870K, committed 6960K, reserved 1048576K
Event: 115.254 GC heap after
Heap after GC invocations=32 (full 7):
 PSYoungGen      total 605184K, used 47465K [0x0000000795580000, 0x00000007c0000000, 0x00000007c0000000)
  eden space 557568K, 0% used [0x0000000795580000,0x0000000795580000,0x00000007b7600000)
  from space 47616K, 99% used [0x00000007b7600000,0x00000007ba45a7d0,0x00000007ba480000)
  to   space 72704K, 0% used [0x00000007bb900000,0x00000007bb900000,0x00000007c0000000)
 ParOldGen       total 236032K, used 165653K [0x0000000740000000, 0x000000074e680000, 0x0000000795580000)
  object space 236032K, 70% used [0x0000000740000000,0x000000074a1c5668,0x000000074e680000)
 Metaspace       used 52985K, capacity 53331K, committed 53800K, reserved 1095680K
  class space    used 6716K, capacity 6870K, committed 6960K, reserved 1048576K
}
Event: 116.657 GC heap before
{Heap before GC invocations=33 (full 7):
 PSYoungGen      total 605184K, used 605033K [0x0000000795580000, 0x00000007c0000000, 0x00000007c0000000)
  eden space 557568K, 100% used [0x0000000795580000,0x00000007b7600000,0x00000007b7600000)
  from space 47616K, 99% used [0x00000007b7600000,0x00000007ba45a7d0,0x00000007ba480000)
  to   space 72704K, 0% used [0x00000007bb900000,0x00000007bb900000,0x00000007c0000000)
 ParOldGen       total 236032K, used 165653K [0x0000000740000000, 0x000000074e680000, 0x0000000795580000)
  object space 236032K, 70% used [0x0000000740000000,0x000000074a1c5668,0x000000074e680000)
 Metaspace       used 53017K, capacity 53395K, committed 54056K, reserved 1095680K
  class space    used 6717K, capacity 6870K, committed 6960K, reserved 1048576K
Event: 116.722 GC heap after
Heap after GC invocations=33 (full 7):
 PSYoungGen      total 615936K, used 58281K [0x0000000795580000, 0x00000007c0000000, 0x00000007c0000000)
  eden space 543232K, 0% used [0x0000000795580000,0x0000000795580000,0x00000007b6800000)
  from space 72704K, 80% used [0x00000007bb900000,0x00000007bf1ea7e0,0x00000007c0000000)
  to   space 77824K, 0% used [0x00000007b6800000,0x00000007b6800000,0x00000007bb400000)
 ParOldGen       total 236032K, used 165653K [0x0000000740000000, 0x000000074e680000, 0x0000000795580000)
  object space 236032K, 70% used [0x0000000740000000,0x000000074a1c5668,0x000000074e680000)
 Metaspace       used 53017K, capacity 53395K, committed 54056K, reserved 1095680K
  class space    used 6717K, capacity 6870K, committed 6960K, reserved 1048576K
}

