# JRE version: OpenJDK Runtime Environment (8.0_462-b08) (build 1.8.0_462-b08)
# Java VM: OpenJDK 64-Bit Server VM (25.462-b08 mixed mode bsd-amd64 compressed oops)
Heap:
 PSYoungGen      total 634368K, used 32794K [0x0000000795580000, 0x00000007bee00000, 0x00000007c0000000)
  eden space 588288K, 5% used [0x0000000795580000,0x00000007975869a8,0x00000007b9400000)
  from space 46080K, 0% used [0x00000007bc100000,0x00000007bc100000,0x00000007bee00000)
  to   space 46080K, 0% used [0x00000007b9400000,0x00000007b9400000,0x00000007bc100000)
 ParOldGen       total 101376K, used 70170K [0x0000000740000000, 0x0000000746300000, 0x0000000795580000)
  object space 101376K, 69% used [0x0000000740000000,0x0000000744486b60,0x0000000746300000)
 Metaspace       used 44286K, capacity 44615K, committed 44720K, reserved 1087488K
  class space    used 5923K, capacity 6052K, committed 6064K, reserved 1048576K
Heap after GC invocations=14 (full 4):
 PSYoungGen      total 633344K, used 0K [0x0000000795580000, 0x00000007bec00000, 0x00000007c0000000)
  eden space 588288K, 0% used [0x0000000795580000,0x0000000795580000,0x00000007b9400000)
  from space 45056K, 0% used [0x00000007bc000000,0x00000007bc000000,0x00000007bec00000)
  to   space 45056K, 0% used [0x00000007b9400000,0x00000007b9400000,0x00000007bc000000)
 ParOldGen       total 101376K, used 70529K [0x0000000740000000, 0x0000000746300000, 0x0000000795580000)
  object space 101376K, 69% used [0x0000000740000000,0x00000007444e05d0,0x0000000746300000)
 Metaspace       used 44218K, capacity 44615K, committed 44720K, reserved 1087488K
  class space    used 5912K, capacity 6052K, committed 6064K, reserved 1048576K
Heap after GC invocations=15 (full 4):
 PSYoungGen      total 633344K, used 160K [0x0000000795580000, 0x00000007bee00000, 0x00000007c0000000)
  eden space 588288K, 0% used [0x0000000795580000,0x0000000795580000,0x00000007b9400000)
  from space 45056K, 0% used [0x00000007b9400000,0x00000007b9428000,0x00000007bc000000)
  to   space 46080K, 0% used [0x00000007bc100000,0x00000007bc100000,0x00000007bee00000)
 ParOldGen       total 101376K, used 70529K [0x0000000740000000, 0x0000000746300000, 0x0000000795580000)
  object space 101376K, 69% used [0x0000000740000000,0x00000007444e05d0,0x0000000746300000)
 Metaspace       used 44230K, capacity 44615K, committed 44720K, reserved 1087488K
  class space    used 5914K, capacity 6052K, committed 6064K, reserved 1048576K
