# JRE version: OpenJDK Runtime Environment (8.0_462-b08) (build 1.8.0_462-b08)
# Java VM: OpenJDK 64-Bit Server VM (25.462-b08 mixed mode bsd-amd64 compressed oops)
Heap:
 PSYoungGen      total 582656K, used 23969K [0x0000000795580000, 0x00000007bf300000, 0x00000007c0000000)
  eden space 483840K, 4% used [0x0000000795580000,0x0000000796ce8558,0x00000007b2e00000)
  from space 98816K, 0% used [0x00000007b9280000,0x00000007b9280000,0x00000007bf300000)
  to   space 100864K, 0% used [0x00000007b2e00000,0x00000007b2e00000,0x00000007b9080000)
 ParOldGen       total 304128K, used 177472K [0x0000000740000000, 0x0000000752900000, 0x0000000795580000)
  object space 304128K, 58% used [0x0000000740000000,0x000000074ad50348,0x0000000752900000)
 Metaspace       used 53625K, capacity 54021K, committed 54320K, reserved 1097728K
  class space    used 6746K, capacity 6881K, committed 6960K, reserved 1048576K
GC Heap History (10 events):
Event: 362.335 GC heap before
{Heap before GC invocations=61 (full 8):
 PSYoungGen      total 579072K, used 529508K [0x0000000795580000, 0x00000007c0000000, 0x00000007c0000000)
  eden space 462848K, 100% used [0x0000000795580000,0x00000007b1980000,0x00000007b1980000)
  from space 116224K, 57% used [0x00000007b8780000,0x00000007bc899320,0x00000007bf900000)
  to   space 112640K, 0% used [0x00000007b1980000,0x00000007b1980000,0x00000007b8780000)
 ParOldGen       total 304128K, used 206248K [0x0000000740000000, 0x0000000752900000, 0x0000000795580000)
  object space 304128K, 67% used [0x0000000740000000,0x000000074c96a108,0x0000000752900000)
 Metaspace       used 53539K, capacity 53957K, committed 54320K, reserved 1097728K
  class space    used 6738K, capacity 6881K, committed 6960K, reserved 1048576K
Event: 362.423 GC heap after
Heap after GC invocations=61 (full 8):
 PSYoungGen      total 575488K, used 66135K [0x0000000795580000, 0x00000007bf680000, 0x00000007c0000000)
  eden space 462848K, 0% used [0x0000000795580000,0x0000000795580000,0x00000007b1980000)
  from space 112640K, 58% used [0x00000007b1980000,0x00000007b5a15da0,0x00000007b8780000)
  to   space 109568K, 0% used [0x00000007b8b80000,0x00000007b8b80000,0x00000007bf680000)
 ParOldGen       total 304128K, used 207256K [0x0000000740000000, 0x0000000752900000, 0x0000000795580000)
  object space 304128K, 68% used [0x0000000740000000,0x000000074ca663f8,0x0000000752900000)
 Metaspace       used 53539K, capacity 53957K, committed 54320K, reserved 1097728K
  class space    used 6738K, capacity 6881K, committed 6960K, reserved 1048576K
}
Event: 452.876 GC heap before
{Heap before GC invocations=62 (full 8):
 PSYoungGen      total 575488K, used 528983K [0x0000000795580000, 0x00000007bf680000, 0x00000007c0000000)
  eden space 462848K, 100% used [0x0000000795580000,0x00000007b1980000,0x00000007b1980000)
  from space 112640K, 58% used [0x00000007b1980000,0x00000007b5a15da0,0x00000007b8780000)
  to   space 109568K, 0% used [0x00000007b8b80000,0x00000007b8b80000,0x00000007bf680000)
 ParOldGen       total 304128K, used 207256K [0x0000000740000000, 0x0000000752900000, 0x0000000795580000)
  object space 304128K, 68% used [0x0000000740000000,0x000000074ca663f8,0x0000000752900000)
 Metaspace       used 53585K, capacity 53957K, committed 54320K, reserved 1097728K
  class space    used 6741K, capacity 6881K, committed 6960K, reserved 1048576K
Event: 453.325 GC heap after
Heap after GC invocations=62 (full 8):
 PSYoungGen      total 582656K, used 67900K [0x0000000795580000, 0x00000007bf600000, 0x00000007c0000000)
  eden space 473600K, 0% used [0x0000000795580000,0x0000000795580000,0x00000007b2400000)
  from space 109056K, 62% used [0x00000007b8b80000,0x00000007bcdcf340,0x00000007bf600000)
  to   space 105984K, 0% used [0x00000007b2400000,0x00000007b2400000,0x00000007b8b80000)
 ParOldGen       total 304128K, used 207629K [0x0000000740000000, 0x0000000752900000, 0x0000000795580000)
  object space 304128K, 68% used [0x0000000740000000,0x000000074cac34d8,0x0000000752900000)
 Metaspace       used 53585K, capacity 53957K, committed 54320K, reserved 1097728K
  class space    used 6741K, capacity 6881K, committed 6960K, reserved 1048576K
}
Event: 488.142 GC heap before
{Heap before GC invocations=63 (full 8):
 PSYoungGen      total 582656K, used 541500K [0x0000000795580000, 0x00000007bf600000, 0x00000007c0000000)
  eden space 473600K, 100% used [0x0000000795580000,0x00000007b2400000,0x00000007b2400000)
  from space 109056K, 62% used [0x00000007b8b80000,0x00000007bcdcf340,0x00000007bf600000)
  to   space 105984K, 0% used [0x00000007b2400000,0x00000007b2400000,0x00000007b8b80000)
 ParOldGen       total 304128K, used 207629K [0x0000000740000000, 0x0000000752900000, 0x0000000795580000)
  object space 304128K, 68% used [0x0000000740000000,0x000000074cac34d8,0x0000000752900000)
 Metaspace       used 53595K, capacity 53957K, committed 54320K, reserved 1097728K
  class space    used 6741K, capacity 6881K, committed 6960K, reserved 1048576K
Event: 489.973 GC heap after
Heap after GC invocations=63 (full 8):
 PSYoungGen      total 579584K, used 67912K [0x0000000795580000, 0x00000007bf700000, 0x00000007c0000000)
  eden space 473600K, 0% used [0x0000000795580000,0x0000000795580000,0x00000007b2400000)
  from space 105984K, 64% used [0x00000007b2400000,0x00000007b6652170,0x00000007b8b80000)
  to   space 102912K, 0% used [0x00000007b9280000,0x00000007b9280000,0x00000007bf700000)
 ParOldGen       total 304128K, used 209882K [0x0000000740000000, 0x0000000752900000, 0x0000000795580000)
  object space 304128K, 69% used [0x0000000740000000,0x000000074ccf6a78,0x0000000752900000)
 Metaspace       used 53595K, capacity 53957K, committed 54320K, reserved 1097728K
  class space    used 6741K, capacity 6881K, committed 6960K, reserved 1048576K
}
Event: 522.769 GC heap before
{Heap before GC invocations=64 (full 8):
 PSYoungGen      total 579584K, used 164778K [0x0000000795580000, 0x00000007bf700000, 0x00000007c0000000)
  eden space 473600K, 20% used [0x0000000795580000,0x000000079b4188b0,0x00000007b2400000)
  from space 105984K, 64% used [0x00000007b2400000,0x00000007b6652170,0x00000007b8b80000)
  to   space 102912K, 0% used [0x00000007b9280000,0x00000007b9280000,0x00000007bf700000)
 ParOldGen       total 304128K, used 209882K [0x0000000740000000, 0x0000000752900000, 0x0000000795580000)
  object space 304128K, 69% used [0x0000000740000000,0x000000074ccf6a78,0x0000000752900000)
 Metaspace       used 53613K, capacity 54021K, committed 54320K, reserved 1097728K
  class space    used 6744K, capacity 6881K, committed 6960K, reserved 1048576K
Event: 523.229 GC heap after
Heap after GC invocations=64 (full 8):
 PSYoungGen      total 582656K, used 61839K [0x0000000795580000, 0x00000007bf300000, 0x00000007c0000000)
  eden space 483840K, 0% used [0x0000000795580000,0x0000000795580000,0x00000007b2e00000)
  from space 98816K, 62% used [0x00000007b9280000,0x00000007bcee3d20,0x00000007bf300000)
  to   space 100864K, 0% used [0x00000007b2e00000,0x00000007b2e00000,0x00000007b9080000)
 ParOldGen       total 304128K, used 215359K [0x0000000740000000, 0x0000000752900000, 0x0000000795580000)
  object space 304128K, 70% used [0x0000000740000000,0x000000074d24ff88,0x0000000752900000)
 Metaspace       used 53613K, capacity 54021K, committed 54320K, reserved 1097728K
  class space    used 6744K, capacity 6881K, committed 6960K, reserved 1048576K
}
Event: 523.231 GC heap before
{Heap before GC invocations=65 (full 9):
 PSYoungGen      total 582656K, used 61839K [0x0000000795580000, 0x00000007bf300000, 0x00000007c0000000)
  eden space 483840K, 0% used [0x0000000795580000,0x0000000795580000,0x00000007b2e00000)
  from space 98816K, 62% used [0x00000007b9280000,0x00000007bcee3d20,0x00000007bf300000)
  to   space 100864K, 0% used [0x00000007b2e00000,0x00000007b2e00000,0x00000007b9080000)
 ParOldGen       total 304128K, used 215359K [0x0000000740000000, 0x0000000752900000, 0x0000000795580000)
  object space 304128K, 70% used [0x0000000740000000,0x000000074d24ff88,0x0000000752900000)
 Metaspace       used 53613K, capacity 54021K, committed 54320K, reserved 1097728K
  class space    used 6744K, capacity 6881K, committed 6960K, reserved 1048576K
Event: 531.991 GC heap after
Heap after GC invocations=65 (full 9):
 PSYoungGen      total 582656K, used 0K [0x0000000795580000, 0x00000007bf300000, 0x00000007c0000000)
  eden space 483840K, 0% used [0x0000000795580000,0x0000000795580000,0x00000007b2e00000)
  from space 98816K, 0% used [0x00000007b9280000,0x00000007b9280000,0x00000007bf300000)
  to   space 100864K, 0% used [0x00000007b2e00000,0x00000007b2e00000,0x00000007b9080000)
 ParOldGen       total 304128K, used 177472K [0x0000000740000000, 0x0000000752900000, 0x0000000795580000)
  object space 304128K, 58% used [0x0000000740000000,0x000000074ad50348,0x0000000752900000)
 Metaspace       used 53613K, capacity 54021K, committed 54320K, reserved 1097728K
  class space    used 6744K, capacity 6881K, committed 6960K, reserved 1048576K
}

