# JRE version: OpenJDK Runtime Environment (8.0_462-b08) (build 1.8.0_462-b08)
# Java VM: OpenJDK 64-Bit Server VM (25.462-b08 mixed mode bsd-amd64 compressed oops)
Heap:
 PSYoungGen      total 650240K, used 24334K [0x0000000795580000, 0x00000007bfc00000, 0x00000007c0000000)
  eden space 605696K, 4% used [0x0000000795580000,0x0000000796d43a38,0x00000007ba500000)
  from space 44544K, 0% used [0x00000007bd080000,0x00000007bd080000,0x00000007bfc00000)
  to   space 44544K, 0% used [0x00000007ba500000,0x00000007ba500000,0x00000007bd080000)
 ParOldGen       total 190976K, used 104033K [0x0000000740000000, 0x000000074ba80000, 0x0000000795580000)
  object space 190976K, 54% used [0x0000000740000000,0x0000000746598608,0x000000074ba80000)
 Metaspace       used 53487K, capacity 53849K, committed 54320K, reserved 1095680K
  class space    used 7024K, capacity 7141K, committed 7216K, reserved 1048576K
GC Heap History (10 events):
Event: 26.772 GC heap before
{Heap before GC invocations=19 (full 7):
 PSYoungGen      total 629760K, used 13683K [0x0000000795580000, 0x00000007bfb00000, 0x00000007c0000000)
  eden space 583680K, 0% used [0x0000000795580000,0x0000000795580000,0x00000007b8f80000)
  from space 46080K, 29% used [0x00000007bba80000,0x00000007bc7dcf58,0x00000007be780000)
  to   space 44032K, 0% used [0x00000007b8f80000,0x00000007b8f80000,0x00000007bba80000)
 ParOldGen       total 190976K, used 102653K [0x0000000740000000, 0x000000074ba80000, 0x0000000795580000)
  object space 190976K, 53% used [0x0000000740000000,0x000000074643f4e8,0x000000074ba80000)
 Metaspace       used 53430K, capacity 53849K, committed 54320K, reserved 1095680K
  class space    used 7017K, capacity 7141K, committed 7216K, reserved 1048576K
Event: 26.885 GC heap after
Heap after GC invocations=19 (full 7):
 PSYoungGen      total 629760K, used 0K [0x0000000795580000, 0x00000007bfb00000, 0x00000007c0000000)
  eden space 583680K, 0% used [0x0000000795580000,0x0000000795580000,0x00000007b8f80000)
  from space 46080K, 0% used [0x00000007bba80000,0x00000007bba80000,0x00000007be780000)
  to   space 44032K, 0% used [0x00000007b8f80000,0x00000007b8f80000,0x00000007bba80000)
 ParOldGen       total 190976K, used 104197K [0x0000000740000000, 0x000000074ba80000, 0x0000000795580000)
  object space 190976K, 54% used [0x0000000740000000,0x00000007465c1730,0x000000074ba80000)
 Metaspace       used 53430K, capacity 53849K, committed 54320K, reserved 1095680K
  class space    used 7017K, capacity 7141K, committed 7216K, reserved 1048576K
}
Event: 26.905 GC heap before
{Heap before GC invocations=20 (full 7):
 PSYoungGen      total 629760K, used 15667K [0x0000000795580000, 0x00000007bfb00000, 0x00000007c0000000)
  eden space 583680K, 2% used [0x0000000795580000,0x00000007964ccde0,0x00000007b8f80000)
  from space 46080K, 0% used [0x00000007bba80000,0x00000007bba80000,0x00000007be780000)
  to   space 44032K, 0% used [0x00000007b8f80000,0x00000007b8f80000,0x00000007bba80000)
 ParOldGen       total 190976K, used 104197K [0x0000000740000000, 0x000000074ba80000, 0x0000000795580000)
  object space 190976K, 54% used [0x0000000740000000,0x00000007465c1730,0x000000074ba80000)
 Metaspace       used 53450K, capacity 53849K, committed 54320K, reserved 1095680K
  class space    used 7019K, capacity 7141K, committed 7216K, reserved 1048576K
Event: 26.907 GC heap after
Heap after GC invocations=20 (full 7):
 PSYoungGen      total 627712K, used 224K [0x0000000795580000, 0x00000007bfc00000, 0x00000007c0000000)
  eden space 583680K, 0% used [0x0000000795580000,0x0000000795580000,0x00000007b8f80000)
  from space 44032K, 0% used [0x00000007b8f80000,0x00000007b8fb8000,0x00000007bba80000)
  to   space 44544K, 0% used [0x00000007bd080000,0x00000007bd080000,0x00000007bfc00000)
 ParOldGen       total 190976K, used 104197K [0x0000000740000000, 0x000000074ba80000, 0x0000000795580000)
  object space 190976K, 54% used [0x0000000740000000,0x00000007465c1730,0x000000074ba80000)
 Metaspace       used 53450K, capacity 53849K, committed 54320K, reserved 1095680K
  class space    used 7019K, capacity 7141K, committed 7216K, reserved 1048576K
}
Event: 26.907 GC heap before
{Heap before GC invocations=21 (full 8):
 PSYoungGen      total 627712K, used 224K [0x0000000795580000, 0x00000007bfc00000, 0x00000007c0000000)
  eden space 583680K, 0% used [0x0000000795580000,0x0000000795580000,0x00000007b8f80000)
  from space 44032K, 0% used [0x00000007b8f80000,0x00000007b8fb8000,0x00000007bba80000)
  to   space 44544K, 0% used [0x00000007bd080000,0x00000007bd080000,0x00000007bfc00000)
 ParOldGen       total 190976K, used 104197K [0x0000000740000000, 0x000000074ba80000, 0x0000000795580000)
  object space 190976K, 54% used [0x0000000740000000,0x00000007465c1730,0x000000074ba80000)
 Metaspace       used 53450K, capacity 53849K, committed 54320K, reserved 1095680K
  class space    used 7019K, capacity 7141K, committed 7216K, reserved 1048576K
Event: 26.967 GC heap after
Heap after GC invocations=21 (full 8):
 PSYoungGen      total 627712K, used 0K [0x0000000795580000, 0x00000007bfc00000, 0x00000007c0000000)
  eden space 583680K, 0% used [0x0000000795580000,0x0000000795580000,0x00000007b8f80000)
  from space 44032K, 0% used [0x00000007b8f80000,0x00000007b8f80000,0x00000007bba80000)
  to   space 44544K, 0% used [0x00000007bd080000,0x00000007bd080000,0x00000007bfc00000)
 ParOldGen       total 190976K, used 104033K [0x0000000740000000, 0x000000074ba80000, 0x0000000795580000)
  object space 190976K, 54% used [0x0000000740000000,0x0000000746598608,0x000000074ba80000)
 Metaspace       used 53450K, capacity 53849K, committed 54320K, reserved 1095680K
  class space    used 7019K, capacity 7141K, committed 7216K, reserved 1048576K
}
Event: 26.968 GC heap before
{Heap before GC invocations=22 (full 8):
 PSYoungGen      total 627712K, used 0K [0x0000000795580000, 0x00000007bfc00000, 0x00000007c0000000)
  eden space 583680K, 0% used [0x0000000795580000,0x0000000795580000,0x00000007b8f80000)
  from space 44032K, 0% used [0x00000007b8f80000,0x00000007b8f80000,0x00000007bba80000)
  to   space 44544K, 0% used [0x00000007bd080000,0x00000007bd080000,0x00000007bfc00000)
 ParOldGen       total 190976K, used 104033K [0x0000000740000000, 0x000000074ba80000, 0x0000000795580000)
  object space 190976K, 54% used [0x0000000740000000,0x0000000746598608,0x000000074ba80000)
 Metaspace       used 53450K, capacity 53849K, committed 54320K, reserved 1095680K
  class space    used 7019K, capacity 7141K, committed 7216K, reserved 1048576K
Event: 26.969 GC heap after
Heap after GC invocations=22 (full 8):
 PSYoungGen      total 650240K, used 0K [0x0000000795580000, 0x00000007bfc00000, 0x00000007c0000000)
  eden space 605696K, 0% used [0x0000000795580000,0x0000000795580000,0x00000007ba500000)
  from space 44544K, 0% used [0x00000007bd080000,0x00000007bd080000,0x00000007bfc00000)
  to   space 44544K, 0% used [0x00000007ba500000,0x00000007ba500000,0x00000007bd080000)
 ParOldGen       total 190976K, used 104033K [0x0000000740000000, 0x000000074ba80000, 0x0000000795580000)
  object space 190976K, 54% used [0x0000000740000000,0x0000000746598608,0x000000074ba80000)
 Metaspace       used 53450K, capacity 53849K, committed 54320K, reserved 1095680K
  class space    used 7019K, capacity 7141K, committed 7216K, reserved 1048576K
}
Event: 26.969 GC heap before
{Heap before GC invocations=23 (full 9):
 PSYoungGen      total 650240K, used 0K [0x0000000795580000, 0x00000007bfc00000, 0x00000007c0000000)
  eden space 605696K, 0% used [0x0000000795580000,0x0000000795580000,0x00000007ba500000)
  from space 44544K, 0% used [0x00000007bd080000,0x00000007bd080000,0x00000007bfc00000)
  to   space 44544K, 0% used [0x00000007ba500000,0x00000007ba500000,0x00000007bd080000)
 ParOldGen       total 190976K, used 104033K [0x0000000740000000, 0x000000074ba80000, 0x0000000795580000)
  object space 190976K, 54% used [0x0000000740000000,0x0000000746598608,0x000000074ba80000)
 Metaspace       used 53450K, capacity 53849K, committed 54320K, reserved 1095680K
  class space    used 7019K, capacity 7141K, committed 7216K, reserved 1048576K
Event: 27.012 GC heap after
Heap after GC invocations=23 (full 9):
 PSYoungGen      total 650240K, used 0K [0x0000000795580000, 0x00000007bfc00000, 0x00000007c0000000)
  eden space 605696K, 0% used [0x0000000795580000,0x0000000795580000,0x00000007ba500000)
  from space 44544K, 0% used [0x00000007bd080000,0x00000007bd080000,0x00000007bfc00000)
  to   space 44544K, 0% used [0x00000007ba500000,0x00000007ba500000,0x00000007bd080000)
 ParOldGen       total 190976K, used 104033K [0x0000000740000000, 0x000000074ba80000, 0x0000000795580000)
  object space 190976K, 54% used [0x0000000740000000,0x0000000746598608,0x000000074ba80000)
 Metaspace       used 53450K, capacity 53849K, committed 54320K, reserved 1095680K
  class space    used 7019K, capacity 7141K, committed 7216K, reserved 1048576K
}

