# JRE version: OpenJDK Runtime Environment (8.0_462-b08) (build 1.8.0_462-b08)
# Java VM: OpenJDK 64-Bit Server VM (25.462-b08 mixed mode bsd-amd64 compressed oops)
Heap:
 PSYoungGen      total 320000K, used 151517K [0x0000000795580000, 0x00000007ad180000, 0x00000007c0000000)
  eden space 288768K, 46% used [0x0000000795580000,0x000000079d76c2f0,0x00000007a6f80000)
  from space 31232K, 59% used [0x00000007a8e00000,0x00000007aa00b360,0x00000007aac80000)
  to   space 31232K, 0% used [0x00000007a6f80000,0x00000007a6f80000,0x00000007a8e00000)
 ParOldGen       total 120832K, used 58369K [0x0000000740000000, 0x0000000747600000, 0x0000000795580000)
  object space 120832K, 48% used [0x0000000740000000,0x00000007439006e0,0x0000000747600000)
 Metaspace       used 43266K, capacity 43637K, committed 43944K, reserved 1087488K
  class space    used 5818K, capacity 5947K, committed 6064K, reserved 1048576K
GC Heap History (10 events):
Event: 11.083 GC heap before
{Heap before GC invocations=11 (full 2):
 PSYoungGen      total 161280K, used 158980K [0x0000000795580000, 0x00000007a1400000, 0x00000007c0000000)
  eden space 140800K, 100% used [0x0000000795580000,0x000000079df00000,0x000000079df00000)
  from space 20480K, 88% used [0x000000079f580000,0x00000007a0741068,0x00000007a0980000)
  to   space 23040K, 0% used [0x000000079df00000,0x000000079df00000,0x000000079f580000)
 ParOldGen       total 53760K, used 22560K [0x0000000740000000, 0x0000000743480000, 0x0000000795580000)
  object space 53760K, 41% used [0x0000000740000000,0x00000007416083a8,0x0000000743480000)
 Metaspace       used 34443K, capacity 34646K, committed 34864K, reserved 1079296K
  class space    used 4730K, capacity 4840K, committed 4912K, reserved 1048576K
Event: 11.132 GC heap after
Heap after GC invocations=11 (full 2):
 PSYoungGen      total 163840K, used 23029K [0x0000000795580000, 0x00000007a8180000, 0x00000007c0000000)
  eden space 140800K, 0% used [0x0000000795580000,0x0000000795580000,0x000000079df00000)
  from space 23040K, 99% used [0x000000079df00000,0x000000079f57d4b0,0x000000079f580000)
  to   space 30208K, 0% used [0x00000007a6400000,0x00000007a6400000,0x00000007a8180000)
 ParOldGen       total 53760K, used 31116K [0x0000000740000000, 0x0000000743480000, 0x0000000795580000)
  object space 53760K, 57% used [0x0000000740000000,0x0000000741e63308,0x0000000743480000)
 Metaspace       used 34443K, capacity 34646K, committed 34864K, reserved 1079296K
  class space    used 4730K, capacity 4840K, committed 4912K, reserved 1048576K
}
Event: 12.272 GC heap before
{Heap before GC invocations=12 (full 2):
 PSYoungGen      total 163840K, used 65800K [0x0000000795580000, 0x00000007a8180000, 0x00000007c0000000)
  eden space 140800K, 30% used [0x0000000795580000,0x0000000797f44d88,0x000000079df00000)
  from space 23040K, 99% used [0x000000079df00000,0x000000079f57d4b0,0x000000079f580000)
  to   space 30208K, 0% used [0x00000007a6400000,0x00000007a6400000,0x00000007a8180000)
 ParOldGen       total 53760K, used 31116K [0x0000000740000000, 0x0000000743480000, 0x0000000795580000)
  object space 53760K, 57% used [0x0000000740000000,0x0000000741e63308,0x0000000743480000)
 Metaspace       used 37725K, capacity 37945K, committed 38056K, reserved 1081344K
  class space    used 5191K, capacity 5288K, committed 5296K, reserved 1048576K
Event: 12.326 GC heap after
Heap after GC invocations=12 (full 2):
 PSYoungGen      total 228864K, used 25074K [0x0000000795580000, 0x00000007a7c80000, 0x00000007c0000000)
  eden space 203776K, 0% used [0x0000000795580000,0x0000000795580000,0x00000007a1c80000)
  from space 25088K, 99% used [0x00000007a6400000,0x00000007a7c7c900,0x00000007a7c80000)
  to   space 33280K, 0% used [0x00000007a3b80000,0x00000007a3b80000,0x00000007a5c00000)
 ParOldGen       total 53760K, used 38262K [0x0000000740000000, 0x0000000743480000, 0x0000000795580000)
  object space 53760K, 71% used [0x0000000740000000,0x000000074255da80,0x0000000743480000)
 Metaspace       used 37725K, capacity 37945K, committed 38056K, reserved 1081344K
  class space    used 5191K, capacity 5288K, committed 5296K, reserved 1048576K
}
Event: 12.326 GC heap before
{Heap before GC invocations=13 (full 3):
 PSYoungGen      total 228864K, used 25074K [0x0000000795580000, 0x00000007a7c80000, 0x00000007c0000000)
  eden space 203776K, 0% used [0x0000000795580000,0x0000000795580000,0x00000007a1c80000)
  from space 25088K, 99% used [0x00000007a6400000,0x00000007a7c7c900,0x00000007a7c80000)
  to   space 33280K, 0% used [0x00000007a3b80000,0x00000007a3b80000,0x00000007a5c00000)
 ParOldGen       total 53760K, used 38262K [0x0000000740000000, 0x0000000743480000, 0x0000000795580000)
  object space 53760K, 71% used [0x0000000740000000,0x000000074255da80,0x0000000743480000)
 Metaspace       used 37725K, capacity 37945K, committed 38056K, reserved 1081344K
  class space    used 5191K, capacity 5288K, committed 5296K, reserved 1048576K
Event: 12.483 GC heap after
Heap after GC invocations=13 (full 3):
 PSYoungGen      total 228864K, used 930K [0x0000000795580000, 0x00000007a7c80000, 0x00000007c0000000)
  eden space 203776K, 0% used [0x0000000795580000,0x0000000795580000,0x00000007a1c80000)
  from space 25088K, 3% used [0x00000007a6400000,0x00000007a64e8bc0,0x00000007a7c80000)
  to   space 33280K, 0% used [0x00000007a3b80000,0x00000007a3b80000,0x00000007a5c00000)
 ParOldGen       total 120832K, used 53549K [0x0000000740000000, 0x0000000747600000, 0x0000000795580000)
  object space 120832K, 44% used [0x0000000740000000,0x000000074344b458,0x0000000747600000)
 Metaspace       used 37725K, capacity 37945K, committed 38056K, reserved 1081344K
  class space    used 5191K, capacity 5288K, committed 5296K, reserved 1048576K
}
Event: 14.984 GC heap before
{Heap before GC invocations=14 (full 3):
 PSYoungGen      total 228864K, used 204706K [0x0000000795580000, 0x00000007a7c80000, 0x00000007c0000000)
  eden space 203776K, 100% used [0x0000000795580000,0x00000007a1c80000,0x00000007a1c80000)
  from space 25088K, 3% used [0x00000007a6400000,0x00000007a64e8bc0,0x00000007a7c80000)
  to   space 33280K, 0% used [0x00000007a3b80000,0x00000007a3b80000,0x00000007a5c00000)
 ParOldGen       total 120832K, used 53549K [0x0000000740000000, 0x0000000747600000, 0x0000000795580000)
  object space 120832K, 44% used [0x0000000740000000,0x000000074344b458,0x0000000747600000)
 Metaspace       used 39938K, capacity 40231K, committed 40616K, reserved 1085440K
  class space    used 5409K, capacity 5493K, committed 5552K, reserved 1048576K
Event: 15.025 GC heap after
Heap after GC invocations=14 (full 3):
 PSYoungGen      total 268800K, used 12828K [0x0000000795580000, 0x00000007aac80000, 0x00000007c0000000)
  eden space 235520K, 0% used [0x0000000795580000,0x0000000795580000,0x00000007a3b80000)
  from space 33280K, 38% used [0x00000007a3b80000,0x00000007a4807378,0x00000007a5c00000)
  to   space 31232K, 0% used [0x00000007a8e00000,0x00000007a8e00000,0x00000007aac80000)
 ParOldGen       total 120832K, used 53557K [0x0000000740000000, 0x0000000747600000, 0x0000000795580000)
  object space 120832K, 44% used [0x0000000740000000,0x000000074344d458,0x0000000747600000)
 Metaspace       used 39938K, capacity 40231K, committed 40616K, reserved 1085440K
  class space    used 5409K, capacity 5493K, committed 5552K, reserved 1048576K
}
Event: 16.869 GC heap before
{Heap before GC invocations=15 (full 3):
 PSYoungGen      total 268800K, used 248348K [0x0000000795580000, 0x00000007aac80000, 0x00000007c0000000)
  eden space 235520K, 100% used [0x0000000795580000,0x00000007a3b80000,0x00000007a3b80000)
  from space 33280K, 38% used [0x00000007a3b80000,0x00000007a4807378,0x00000007a5c00000)
  to   space 31232K, 0% used [0x00000007a8e00000,0x00000007a8e00000,0x00000007aac80000)
 ParOldGen       total 120832K, used 53557K [0x0000000740000000, 0x0000000747600000, 0x0000000795580000)
  object space 120832K, 44% used [0x0000000740000000,0x000000074344d458,0x0000000747600000)
 Metaspace       used 41142K, capacity 41479K, committed 41768K, reserved 1085440K
  class space    used 5541K, capacity 5653K, committed 5680K, reserved 1048576K
Event: 16.886 GC heap after
Heap after GC invocations=15 (full 3):
 PSYoungGen      total 320000K, used 18476K [0x0000000795580000, 0x00000007ad180000, 0x00000007c0000000)
  eden space 288768K, 0% used [0x0000000795580000,0x0000000795580000,0x00000007a6f80000)
  from space 31232K, 59% used [0x00000007a8e00000,0x00000007aa00b360,0x00000007aac80000)
  to   space 31232K, 0% used [0x00000007a6f80000,0x00000007a6f80000,0x00000007a8e00000)
 ParOldGen       total 120832K, used 58369K [0x0000000740000000, 0x0000000747600000, 0x0000000795580000)
  object space 120832K, 48% used [0x0000000740000000,0x00000007439006e0,0x0000000747600000)
 Metaspace       used 41142K, capacity 41479K, committed 41768K, reserved 1085440K
  class space    used 5541K, capacity 5653K, committed 5680K, reserved 1048576K
}

