# JRE version: OpenJDK Runtime Environment (8.0_462-b08) (build 1.8.0_462-b08)
# Java VM: OpenJDK 64-Bit Server VM (25.462-b08 mixed mode bsd-amd64 compressed oops)
Heap:
 PSYoungGen      total 641024K, used 24246K [0x0000000795580000, 0x00000007bf800000, 0x00000007c0000000)
  eden space 591872K, 4% used [0x0000000795580000,0x0000000796d2d908,0x00000007b9780000)
  from space 49152K, 0% used [0x00000007b9780000,0x00000007b9780000,0x00000007bc780000)
  to   space 49152K, 0% used [0x00000007bc800000,0x00000007bc800000,0x00000007bf800000)
 ParOldGen       total 184320K, used 103991K [0x0000000740000000, 0x000000074b400000, 0x0000000795580000)
  object space 184320K, 56% used [0x0000000740000000,0x000000074658dc98,0x000000074b400000)
 Metaspace       used 53652K, capacity 54035K, committed 54320K, reserved 1095680K
  class space    used 7023K, capacity 7140K, committed 7216K, reserved 1048576K
GC Heap History (10 events):
Event: 28.027 GC heap before
{Heap before GC invocations=18 (full 7):
 PSYoungGen      total 612352K, used 19925K [0x0000000795580000, 0x00000007bf700000, 0x00000007c0000000)
  eden space 592384K, 0% used [0x0000000795580000,0x0000000795580000,0x00000007b9800000)
  from space 19968K, 99% used [0x00000007b9800000,0x00000007bab754a8,0x00000007bab80000)
  to   space 48640K, 0% used [0x00000007bc780000,0x00000007bc780000,0x00000007bf700000)
 ParOldGen       total 184320K, used 97070K [0x0000000740000000, 0x000000074b400000, 0x0000000795580000)
  object space 184320K, 52% used [0x0000000740000000,0x0000000745ecb908,0x000000074b400000)
 Metaspace       used 53616K, capacity 54035K, committed 54320K, reserved 1095680K
  class space    used 7019K, capacity 7140K, committed 7216K, reserved 1048576K
Event: 28.139 GC heap after
Heap after GC invocations=18 (full 7):
 PSYoungGen      total 612352K, used 0K [0x0000000795580000, 0x00000007bf700000, 0x00000007c0000000)
  eden space 592384K, 0% used [0x0000000795580000,0x0000000795580000,0x00000007b9800000)
  from space 19968K, 0% used [0x00000007b9800000,0x00000007b9800000,0x00000007bab80000)
  to   space 48640K, 0% used [0x00000007bc780000,0x00000007bc780000,0x00000007bf700000)
 ParOldGen       total 184320K, used 104221K [0x0000000740000000, 0x000000074b400000, 0x0000000795580000)
  object space 184320K, 56% used [0x0000000740000000,0x00000007465c74e0,0x000000074b400000)
 Metaspace       used 53616K, capacity 54035K, committed 54320K, reserved 1095680K
  class space    used 7019K, capacity 7140K, committed 7216K, reserved 1048576K
}
Event: 28.161 GC heap before
{Heap before GC invocations=19 (full 7):
 PSYoungGen      total 612352K, used 12128K [0x0000000795580000, 0x00000007bf700000, 0x00000007c0000000)
  eden space 592384K, 2% used [0x0000000795580000,0x0000000796158318,0x00000007b9800000)
  from space 19968K, 0% used [0x00000007b9800000,0x00000007b9800000,0x00000007bab80000)
  to   space 48640K, 0% used [0x00000007bc780000,0x00000007bc780000,0x00000007bf700000)
 ParOldGen       total 184320K, used 104221K [0x0000000740000000, 0x000000074b400000, 0x0000000795580000)
  object space 184320K, 56% used [0x0000000740000000,0x00000007465c74e0,0x000000074b400000)
 Metaspace       used 53618K, capacity 54035K, committed 54320K, reserved 1095680K
  class space    used 7019K, capacity 7140K, committed 7216K, reserved 1048576K
Event: 28.163 GC heap after
Heap after GC invocations=19 (full 7):
 PSYoungGen      total 640512K, used 192K [0x0000000795580000, 0x00000007bf800000, 0x00000007c0000000)
  eden space 591872K, 0% used [0x0000000795580000,0x0000000795580000,0x00000007b9780000)
  from space 48640K, 0% used [0x00000007bc780000,0x00000007bc7b0000,0x00000007bf700000)
  to   space 49152K, 0% used [0x00000007b9780000,0x00000007b9780000,0x00000007bc780000)
 ParOldGen       total 184320K, used 104221K [0x0000000740000000, 0x000000074b400000, 0x0000000795580000)
  object space 184320K, 56% used [0x0000000740000000,0x00000007465c74e0,0x000000074b400000)
 Metaspace       used 53618K, capacity 54035K, committed 54320K, reserved 1095680K
  class space    used 7019K, capacity 7140K, committed 7216K, reserved 1048576K
}
Event: 28.163 GC heap before
{Heap before GC invocations=20 (full 8):
 PSYoungGen      total 640512K, used 192K [0x0000000795580000, 0x00000007bf800000, 0x00000007c0000000)
  eden space 591872K, 0% used [0x0000000795580000,0x0000000795580000,0x00000007b9780000)
  from space 48640K, 0% used [0x00000007bc780000,0x00000007bc7b0000,0x00000007bf700000)
  to   space 49152K, 0% used [0x00000007b9780000,0x00000007b9780000,0x00000007bc780000)
 ParOldGen       total 184320K, used 104221K [0x0000000740000000, 0x000000074b400000, 0x0000000795580000)
  object space 184320K, 56% used [0x0000000740000000,0x00000007465c74e0,0x000000074b400000)
 Metaspace       used 53618K, capacity 54035K, committed 54320K, reserved 1095680K
  class space    used 7019K, capacity 7140K, committed 7216K, reserved 1048576K
Event: 28.221 GC heap after
Heap after GC invocations=20 (full 8):
 PSYoungGen      total 640512K, used 0K [0x0000000795580000, 0x00000007bf800000, 0x00000007c0000000)
  eden space 591872K, 0% used [0x0000000795580000,0x0000000795580000,0x00000007b9780000)
  from space 48640K, 0% used [0x00000007bc780000,0x00000007bc780000,0x00000007bf700000)
  to   space 49152K, 0% used [0x00000007b9780000,0x00000007b9780000,0x00000007bc780000)
 ParOldGen       total 184320K, used 103991K [0x0000000740000000, 0x000000074b400000, 0x0000000795580000)
  object space 184320K, 56% used [0x0000000740000000,0x000000074658dc98,0x000000074b400000)
 Metaspace       used 53618K, capacity 54035K, committed 54320K, reserved 1095680K
  class space    used 7019K, capacity 7140K, committed 7216K, reserved 1048576K
}
Event: 28.222 GC heap before
{Heap before GC invocations=21 (full 8):
 PSYoungGen      total 640512K, used 1198K [0x0000000795580000, 0x00000007bf800000, 0x00000007c0000000)
  eden space 591872K, 0% used [0x0000000795580000,0x00000007956abac8,0x00000007b9780000)
  from space 48640K, 0% used [0x00000007bc780000,0x00000007bc780000,0x00000007bf700000)
  to   space 49152K, 0% used [0x00000007b9780000,0x00000007b9780000,0x00000007bc780000)
 ParOldGen       total 184320K, used 103991K [0x0000000740000000, 0x000000074b400000, 0x0000000795580000)
  object space 184320K, 56% used [0x0000000740000000,0x000000074658dc98,0x000000074b400000)
 Metaspace       used 53618K, capacity 54035K, committed 54320K, reserved 1095680K
  class space    used 7019K, capacity 7140K, committed 7216K, reserved 1048576K
Event: 28.224 GC heap after
Heap after GC invocations=21 (full 8):
 PSYoungGen      total 641024K, used 0K [0x0000000795580000, 0x00000007bf800000, 0x00000007c0000000)
  eden space 591872K, 0% used [0x0000000795580000,0x0000000795580000,0x00000007b9780000)
  from space 49152K, 0% used [0x00000007b9780000,0x00000007b9780000,0x00000007bc780000)
  to   space 49152K, 0% used [0x00000007bc800000,0x00000007bc800000,0x00000007bf800000)
 ParOldGen       total 184320K, used 103991K [0x0000000740000000, 0x000000074b400000, 0x0000000795580000)
  object space 184320K, 56% used [0x0000000740000000,0x000000074658dc98,0x000000074b400000)
 Metaspace       used 53618K, capacity 54035K, committed 54320K, reserved 1095680K
  class space    used 7019K, capacity 7140K, committed 7216K, reserved 1048576K
}
Event: 28.224 GC heap before
{Heap before GC invocations=22 (full 9):
 PSYoungGen      total 641024K, used 0K [0x0000000795580000, 0x00000007bf800000, 0x00000007c0000000)
  eden space 591872K, 0% used [0x0000000795580000,0x0000000795580000,0x00000007b9780000)
  from space 49152K, 0% used [0x00000007b9780000,0x00000007b9780000,0x00000007bc780000)
  to   space 49152K, 0% used [0x00000007bc800000,0x00000007bc800000,0x00000007bf800000)
 ParOldGen       total 184320K, used 103991K [0x0000000740000000, 0x000000074b400000, 0x0000000795580000)
  object space 184320K, 56% used [0x0000000740000000,0x000000074658dc98,0x000000074b400000)
 Metaspace       used 53618K, capacity 54035K, committed 54320K, reserved 1095680K
  class space    used 7019K, capacity 7140K, committed 7216K, reserved 1048576K
Event: 28.265 GC heap after
Heap after GC invocations=22 (full 9):
 PSYoungGen      total 641024K, used 0K [0x0000000795580000, 0x00000007bf800000, 0x00000007c0000000)
  eden space 591872K, 0% used [0x0000000795580000,0x0000000795580000,0x00000007b9780000)
  from space 49152K, 0% used [0x00000007b9780000,0x00000007b9780000,0x00000007bc780000)
  to   space 49152K, 0% used [0x00000007bc800000,0x00000007bc800000,0x00000007bf800000)
 ParOldGen       total 184320K, used 103991K [0x0000000740000000, 0x000000074b400000, 0x0000000795580000)
  object space 184320K, 56% used [0x0000000740000000,0x000000074658dc98,0x000000074b400000)
 Metaspace       used 53618K, capacity 54035K, committed 54320K, reserved 1095680K
  class space    used 7019K, capacity 7140K, committed 7216K, reserved 1048576K
}

